{"contracts/Dutch_Auction.sol":{"l":{"41":3,"45":3,"46":3,"47":3,"48":3,"49":3,"50":3,"51":3,"57":4,"58":4,"63":17,"64":17,"72":17,"75":17,"76":17,"77":16,"83":14,"84":11,"86":11,"87":11,"88":11,"89":11,"90":11,"91":11,"93":3,"94":3,"95":3,"99":14,"101":14,"111":31,"120":14,"121":14,"122":14,"123":25,"126":25,"146":2,"150":4,"154":1,"158":1,"162":0,"166":1,"170":4,"174":6},"path":"/mnt/c/Users/samik/Documents/GitHub/CZ4153_DutchAuction/contracts/Dutch_Auction.sol","s":{"1":3,"2":4,"3":17,"4":17,"5":17,"6":17,"7":16,"8":14,"9":11,"10":11,"11":3,"12":14,"13":14,"14":14,"15":2,"16":4,"17":1,"18":1,"19":0,"20":1,"21":4,"22":6},"b":{"1":[3,0],"2":[0,4],"3":[0,17],"4":[17,0],"5":[16,1],"6":[14,2],"7":[11,3],"8":[0,0],"9":[0,0],"10":[4,0]},"f":{"1":3,"2":4,"3":17,"4":17,"5":31,"6":14,"7":0,"8":0,"9":2,"10":4,"11":1,"12":1,"13":0,"14":1,"15":4,"16":6},"fnMap":{"1":{"name":"constructor","line":36,"loc":{"start":{"line":36,"column":4},"end":{"line":52,"column":4}}},"2":{"name":"onlyOwner","line":55,"loc":{"start":{"line":55,"column":4},"end":{"line":59,"column":4}}},"3":{"name":"notOwner","line":61,"loc":{"start":{"line":61,"column":4},"end":{"line":65,"column":4}}},"4":{"name":"addBidder","line":70,"loc":{"start":{"line":70,"column":4},"end":{"line":102,"column":4}}},"5":{"name":"updateCurrentPrice","line":106,"loc":{"start":{"line":106,"column":4},"end":{"line":115,"column":4}}},"6":{"name":"updateAllBiders","line":118,"loc":{"start":{"line":118,"column":4},"end":{"line":130,"column":4}}},"7":{"name":"endAuction","line":135,"loc":{"start":{"line":135,"column":4},"end":{"line":135,"column":46}}},"8":{"name":"burnRemainingTokens","line":139,"loc":{"start":{"line":137,"column":4},"end":{"line":141,"column":4}}},"9":{"name":"retrievePrice","line":145,"loc":{"start":{"line":145,"column":4},"end":{"line":147,"column":4}}},"10":{"name":"retrieveAlgosRemaining","line":149,"loc":{"start":{"line":149,"column":4},"end":{"line":151,"column":4}}},"11":{"name":"retrieveTotalAlgos","line":153,"loc":{"start":{"line":153,"column":4},"end":{"line":155,"column":4}}},"12":{"name":"retrieveReservePrice","line":157,"loc":{"start":{"line":157,"column":4},"end":{"line":159,"column":4}}},"13":{"name":"retrieveTotalBidder","line":161,"loc":{"start":{"line":161,"column":4},"end":{"line":163,"column":4}}},"14":{"name":"retrieveContractOwner","line":165,"loc":{"start":{"line":165,"column":4},"end":{"line":167,"column":4}}},"15":{"name":"retrieveContractBalance","line":169,"loc":{"start":{"line":169,"column":4},"end":{"line":171,"column":4}}},"16":{"name":"retrieveBidderAlgos","line":173,"loc":{"start":{"line":173,"column":4},"end":{"line":175,"column":4}}}},"statementMap":{"1":{"start":{"line":41,"column":8},"end":{"line":41,"column":1213}},"2":{"start":{"line":57,"column":8},"end":{"line":57,"column":67}},"3":{"start":{"line":63,"column":8},"end":{"line":63,"column":66}},"4":{"start":{"line":72,"column":8},"end":{"line":72,"column":27}},"5":{"start":{"line":75,"column":8},"end":{"line":75,"column":37}},"6":{"start":{"line":76,"column":8},"end":{"line":76,"column":77}},"7":{"start":{"line":77,"column":8},"end":{"line":77,"column":2544}},"8":{"start":{"line":83,"column":8},"end":{"line":83,"column":2741}},"9":{"start":{"line":84,"column":12},"end":{"line":84,"column":62}},"10":{"start":{"line":91,"column":12},"end":{"line":91,"column":42}},"11":{"start":{"line":93,"column":12},"end":{"line":93,"column":67}},"12":{"start":{"line":101,"column":8},"end":{"line":101,"column":24}},"13":{"start":{"line":120,"column":8},"end":{"line":120,"column":27}},"14":{"start":{"line":122,"column":8},"end":{"line":122,"column":4298}},"15":{"start":{"line":146,"column":8},"end":{"line":146,"column":27}},"16":{"start":{"line":150,"column":8},"end":{"line":150,"column":33}},"17":{"start":{"line":154,"column":8},"end":{"line":154,"column":34}},"18":{"start":{"line":158,"column":8},"end":{"line":158,"column":27}},"19":{"start":{"line":162,"column":8},"end":{"line":162,"column":30}},"20":{"start":{"line":166,"column":8},"end":{"line":166,"column":22}},"21":{"start":{"line":170,"column":8},"end":{"line":170,"column":36}},"22":{"start":{"line":174,"column":8},"end":{"line":174,"column":54}}},"branchMap":{"1":{"line":41,"type":"if","locations":[{"start":{"line":41,"column":8},"end":{"line":41,"column":8}},{"start":{"line":41,"column":8},"end":{"line":41,"column":8}}]},"2":{"line":57,"type":"if","locations":[{"start":{"line":57,"column":8},"end":{"line":57,"column":8}},{"start":{"line":57,"column":8},"end":{"line":57,"column":8}}]},"3":{"line":63,"type":"if","locations":[{"start":{"line":63,"column":8},"end":{"line":63,"column":8}},{"start":{"line":63,"column":8},"end":{"line":63,"column":8}}]},"4":{"line":70,"type":"if","locations":[{"start":{"line":70,"column":40},"end":{"line":70,"column":40}},{"start":{"line":70,"column":40},"end":{"line":70,"column":40}}]},"5":{"line":76,"type":"if","locations":[{"start":{"line":76,"column":8},"end":{"line":76,"column":8}},{"start":{"line":76,"column":8},"end":{"line":76,"column":8}}]},"6":{"line":77,"type":"if","locations":[{"start":{"line":77,"column":8},"end":{"line":77,"column":8}},{"start":{"line":77,"column":8},"end":{"line":77,"column":8}}]},"7":{"line":83,"type":"if","locations":[{"start":{"line":83,"column":8},"end":{"line":83,"column":8}},{"start":{"line":83,"column":8},"end":{"line":83,"column":8}}]},"8":{"line":135,"type":"if","locations":[{"start":{"line":135,"column":35},"end":{"line":135,"column":35}},{"start":{"line":135,"column":35},"end":{"line":135,"column":35}}]},"9":{"line":139,"type":"if","locations":[{"start":{"line":139,"column":15},"end":{"line":139,"column":15}},{"start":{"line":139,"column":15},"end":{"line":139,"column":15}}]},"10":{"line":169,"type":"if","locations":[{"start":{"line":169,"column":51},"end":{"line":169,"column":51}},{"start":{"line":169,"column":51},"end":{"line":169,"column":51}}]}}},"contracts/ERC20Token.sol":{"l":{"8":0},"path":"/mnt/c/Users/samik/Documents/GitHub/CZ4153_DutchAuction/contracts/ERC20Token.sol","s":{"1":0},"b":{},"f":{"1":0},"fnMap":{"1":{"name":"constructor","line":7,"loc":{"start":{"line":7,"column":4},"end":{"line":9,"column":4}}}},"statementMap":{"1":{"start":{"line":8,"column":8},"end":{"line":8,"column":39}}},"branchMap":{}}}