{"contracts/Dutch_Auction.sol":{"l":{"41":3,"45":3,"46":3,"47":3,"48":3,"49":3,"50":3,"51":3,"57":4,"58":4,"63":26,"64":25,"72":25,"75":25,"76":25,"80":24,"81":23,"82":22,"88":20,"89":15,"91":15,"92":15,"93":15,"94":15,"95":15,"96":15,"98":5,"99":5,"100":5,"104":20,"106":20,"116":45,"125":20,"126":20,"127":20,"128":35,"131":35,"151":3,"155":4,"159":1,"163":1,"167":2,"171":1,"175":4,"179":6},"path":"/mnt/c/Users/samik/Documents/GitHub/CZ4153_DutchAuction/contracts/Dutch_Auction.sol","s":{"1":3,"2":4,"3":26,"4":25,"5":25,"6":25,"7":24,"8":23,"9":22,"10":20,"11":15,"12":15,"13":5,"14":20,"15":20,"16":20,"17":3,"18":4,"19":1,"20":1,"21":2,"22":1,"23":4,"24":6},"b":{"1":[3,0],"2":[0,4],"3":[1,25],"4":[25,1],"5":[24,1],"6":[23,1],"7":[22,1],"8":[20,2],"9":[15,5],"10":[0,0],"11":[0,0],"12":[4,0]},"f":{"1":3,"2":4,"3":26,"4":25,"5":45,"6":20,"7":0,"8":0,"9":3,"10":4,"11":1,"12":1,"13":2,"14":1,"15":4,"16":6},"fnMap":{"1":{"name":"constructor","line":36,"loc":{"start":{"line":36,"column":4},"end":{"line":52,"column":4}}},"2":{"name":"onlyOwner","line":55,"loc":{"start":{"line":55,"column":4},"end":{"line":59,"column":4}}},"3":{"name":"notOwner","line":61,"loc":{"start":{"line":61,"column":4},"end":{"line":65,"column":4}}},"4":{"name":"addBidder","line":70,"loc":{"start":{"line":70,"column":4},"end":{"line":107,"column":4}}},"5":{"name":"updateCurrentPrice","line":111,"loc":{"start":{"line":111,"column":4},"end":{"line":120,"column":4}}},"6":{"name":"updateAllBiders","line":123,"loc":{"start":{"line":123,"column":4},"end":{"line":135,"column":4}}},"7":{"name":"endAuction","line":140,"loc":{"start":{"line":140,"column":4},"end":{"line":140,"column":46}}},"8":{"name":"burnRemainingTokens","line":144,"loc":{"start":{"line":142,"column":4},"end":{"line":146,"column":4}}},"9":{"name":"retrievePrice","line":150,"loc":{"start":{"line":150,"column":4},"end":{"line":152,"column":4}}},"10":{"name":"retrieveAlgosRemaining","line":154,"loc":{"start":{"line":154,"column":4},"end":{"line":156,"column":4}}},"11":{"name":"retrieveTotalAlgos","line":158,"loc":{"start":{"line":158,"column":4},"end":{"line":160,"column":4}}},"12":{"name":"retrieveReservePrice","line":162,"loc":{"start":{"line":162,"column":4},"end":{"line":164,"column":4}}},"13":{"name":"retrieveTotalBidder","line":166,"loc":{"start":{"line":166,"column":4},"end":{"line":168,"column":4}}},"14":{"name":"retrieveContractOwner","line":170,"loc":{"start":{"line":170,"column":4},"end":{"line":172,"column":4}}},"15":{"name":"retrieveContractBalance","line":174,"loc":{"start":{"line":174,"column":4},"end":{"line":176,"column":4}}},"16":{"name":"retrieveBidderAlgos","line":178,"loc":{"start":{"line":178,"column":4},"end":{"line":180,"column":4}}}},"statementMap":{"1":{"start":{"line":41,"column":8},"end":{"line":41,"column":1213}},"2":{"start":{"line":57,"column":8},"end":{"line":57,"column":67}},"3":{"start":{"line":63,"column":8},"end":{"line":63,"column":66}},"4":{"start":{"line":72,"column":8},"end":{"line":72,"column":27}},"5":{"start":{"line":75,"column":8},"end":{"line":75,"column":37}},"6":{"start":{"line":76,"column":8},"end":{"line":76,"column":2416}},"7":{"start":{"line":80,"column":8},"end":{"line":80,"column":74}},"8":{"start":{"line":81,"column":8},"end":{"line":81,"column":77}},"9":{"start":{"line":82,"column":8},"end":{"line":82,"column":2753}},"10":{"start":{"line":88,"column":8},"end":{"line":88,"column":2950}},"11":{"start":{"line":89,"column":12},"end":{"line":89,"column":62}},"12":{"start":{"line":96,"column":12},"end":{"line":96,"column":42}},"13":{"start":{"line":98,"column":12},"end":{"line":98,"column":67}},"14":{"start":{"line":106,"column":8},"end":{"line":106,"column":24}},"15":{"start":{"line":125,"column":8},"end":{"line":125,"column":27}},"16":{"start":{"line":127,"column":8},"end":{"line":127,"column":4507}},"17":{"start":{"line":151,"column":8},"end":{"line":151,"column":27}},"18":{"start":{"line":155,"column":8},"end":{"line":155,"column":33}},"19":{"start":{"line":159,"column":8},"end":{"line":159,"column":34}},"20":{"start":{"line":163,"column":8},"end":{"line":163,"column":27}},"21":{"start":{"line":167,"column":8},"end":{"line":167,"column":30}},"22":{"start":{"line":171,"column":8},"end":{"line":171,"column":22}},"23":{"start":{"line":175,"column":8},"end":{"line":175,"column":36}},"24":{"start":{"line":179,"column":8},"end":{"line":179,"column":54}}},"branchMap":{"1":{"line":41,"type":"if","locations":[{"start":{"line":41,"column":8},"end":{"line":41,"column":8}},{"start":{"line":41,"column":8},"end":{"line":41,"column":8}}]},"2":{"line":57,"type":"if","locations":[{"start":{"line":57,"column":8},"end":{"line":57,"column":8}},{"start":{"line":57,"column":8},"end":{"line":57,"column":8}}]},"3":{"line":63,"type":"if","locations":[{"start":{"line":63,"column":8},"end":{"line":63,"column":8}},{"start":{"line":63,"column":8},"end":{"line":63,"column":8}}]},"4":{"line":70,"type":"if","locations":[{"start":{"line":70,"column":40},"end":{"line":70,"column":40}},{"start":{"line":70,"column":40},"end":{"line":70,"column":40}}]},"5":{"line":76,"type":"if","locations":[{"start":{"line":76,"column":8},"end":{"line":76,"column":8}},{"start":{"line":76,"column":8},"end":{"line":76,"column":8}}]},"6":{"line":80,"type":"if","locations":[{"start":{"line":80,"column":8},"end":{"line":80,"column":8}},{"start":{"line":80,"column":8},"end":{"line":80,"column":8}}]},"7":{"line":81,"type":"if","locations":[{"start":{"line":81,"column":8},"end":{"line":81,"column":8}},{"start":{"line":81,"column":8},"end":{"line":81,"column":8}}]},"8":{"line":82,"type":"if","locations":[{"start":{"line":82,"column":8},"end":{"line":82,"column":8}},{"start":{"line":82,"column":8},"end":{"line":82,"column":8}}]},"9":{"line":88,"type":"if","locations":[{"start":{"line":88,"column":8},"end":{"line":88,"column":8}},{"start":{"line":88,"column":8},"end":{"line":88,"column":8}}]},"10":{"line":140,"type":"if","locations":[{"start":{"line":140,"column":35},"end":{"line":140,"column":35}},{"start":{"line":140,"column":35},"end":{"line":140,"column":35}}]},"11":{"line":144,"type":"if","locations":[{"start":{"line":144,"column":15},"end":{"line":144,"column":15}},{"start":{"line":144,"column":15},"end":{"line":144,"column":15}}]},"12":{"line":174,"type":"if","locations":[{"start":{"line":174,"column":51},"end":{"line":174,"column":51}},{"start":{"line":174,"column":51},"end":{"line":174,"column":51}}]}}},"contracts/ERC20Token.sol":{"l":{"8":0},"path":"/mnt/c/Users/samik/Documents/GitHub/CZ4153_DutchAuction/contracts/ERC20Token.sol","s":{"1":0},"b":{},"f":{"1":0},"fnMap":{"1":{"name":"constructor","line":7,"loc":{"start":{"line":7,"column":4},"end":{"line":9,"column":4}}}},"statementMap":{"1":{"start":{"line":8,"column":8},"end":{"line":8,"column":39}}},"branchMap":{}}}