{"contracts/Dutch_Auction.sol":{"l":{"47":3,"51":3,"52":3,"53":3,"54":3,"55":3,"56":3,"57":3,"58":3,"64":5,"65":5,"70":30,"71":29,"79":29,"82":29,"83":29,"87":28,"88":27,"89":26,"95":24,"96":18,"98":18,"99":18,"100":18,"101":18,"102":18,"103":18,"105":6,"106":6,"107":6,"111":24,"113":24,"123":53,"132":24,"133":24,"134":24,"135":43,"138":43,"149":1,"150":3,"153":3,"172":3,"176":4,"180":1,"184":1,"188":2,"192":1,"196":4,"200":8},"path":"/mnt/c/Users/samik/Documents/GitHub/CZ4153_DutchAuction/contracts/Dutch_Auction.sol","s":{"1":3,"2":5,"3":30,"4":29,"5":29,"6":29,"7":28,"8":27,"9":26,"10":24,"11":18,"12":18,"13":6,"14":24,"15":24,"16":24,"17":1,"18":3,"19":3,"20":4,"21":1,"22":1,"23":2,"24":1,"25":4,"26":8},"b":{"1":[3,0],"2":[0,5],"3":[1,29],"4":[29,1],"5":[28,1],"6":[27,1],"7":[26,1],"8":[24,2],"9":[18,6],"10":[1,0],"11":[0,0],"12":[4,0]},"f":{"1":3,"2":5,"3":30,"4":29,"5":53,"6":24,"7":1,"8":0,"9":3,"10":4,"11":1,"12":1,"13":2,"14":1,"15":4,"16":8},"fnMap":{"1":{"name":"constructor","line":41,"loc":{"start":{"line":41,"column":4},"end":{"line":59,"column":4}}},"2":{"name":"onlyOwner","line":62,"loc":{"start":{"line":62,"column":4},"end":{"line":66,"column":4}}},"3":{"name":"notOwner","line":68,"loc":{"start":{"line":68,"column":4},"end":{"line":72,"column":4}}},"4":{"name":"addBidder","line":77,"loc":{"start":{"line":77,"column":4},"end":{"line":114,"column":4}}},"5":{"name":"updateCurrentPrice","line":118,"loc":{"start":{"line":118,"column":4},"end":{"line":127,"column":4}}},"6":{"name":"updateAllBiders","line":130,"loc":{"start":{"line":130,"column":4},"end":{"line":142,"column":4}}},"7":{"name":"sendTokens","line":148,"loc":{"start":{"line":148,"column":4},"end":{"line":159,"column":4}}},"8":{"name":"endAuction","line":161,"loc":{"start":{"line":161,"column":4},"end":{"line":161,"column":46}}},"9":{"name":"retrievePrice","line":171,"loc":{"start":{"line":171,"column":4},"end":{"line":173,"column":4}}},"10":{"name":"retrieveAlgosRemaining","line":175,"loc":{"start":{"line":175,"column":4},"end":{"line":177,"column":4}}},"11":{"name":"retrieveTotalAlgos","line":179,"loc":{"start":{"line":179,"column":4},"end":{"line":181,"column":4}}},"12":{"name":"retrieveReservePrice","line":183,"loc":{"start":{"line":183,"column":4},"end":{"line":185,"column":4}}},"13":{"name":"retrieveTotalBidder","line":187,"loc":{"start":{"line":187,"column":4},"end":{"line":189,"column":4}}},"14":{"name":"retrieveContractOwner","line":191,"loc":{"start":{"line":191,"column":4},"end":{"line":193,"column":4}}},"15":{"name":"retrieveContractBalance","line":195,"loc":{"start":{"line":195,"column":4},"end":{"line":197,"column":4}}},"16":{"name":"retrieveBidderAlgos","line":199,"loc":{"start":{"line":199,"column":4},"end":{"line":201,"column":4}}}},"statementMap":{"1":{"start":{"line":47,"column":8},"end":{"line":47,"column":1354}},"2":{"start":{"line":64,"column":8},"end":{"line":64,"column":67}},"3":{"start":{"line":70,"column":8},"end":{"line":70,"column":66}},"4":{"start":{"line":79,"column":8},"end":{"line":79,"column":27}},"5":{"start":{"line":82,"column":8},"end":{"line":82,"column":37}},"6":{"start":{"line":83,"column":8},"end":{"line":83,"column":2595}},"7":{"start":{"line":87,"column":8},"end":{"line":87,"column":74}},"8":{"start":{"line":88,"column":8},"end":{"line":88,"column":77}},"9":{"start":{"line":89,"column":8},"end":{"line":89,"column":2932}},"10":{"start":{"line":95,"column":8},"end":{"line":95,"column":3129}},"11":{"start":{"line":96,"column":12},"end":{"line":96,"column":62}},"12":{"start":{"line":103,"column":12},"end":{"line":103,"column":42}},"13":{"start":{"line":105,"column":12},"end":{"line":105,"column":67}},"14":{"start":{"line":113,"column":8},"end":{"line":113,"column":24}},"15":{"start":{"line":132,"column":8},"end":{"line":132,"column":27}},"16":{"start":{"line":134,"column":8},"end":{"line":134,"column":4686}},"17":{"start":{"line":149,"column":8},"end":{"line":149,"column":5156}},"18":{"start":{"line":153,"column":12},"end":{"line":153,"column":5376}},"19":{"start":{"line":172,"column":8},"end":{"line":172,"column":27}},"20":{"start":{"line":176,"column":8},"end":{"line":176,"column":33}},"21":{"start":{"line":180,"column":8},"end":{"line":180,"column":34}},"22":{"start":{"line":184,"column":8},"end":{"line":184,"column":27}},"23":{"start":{"line":188,"column":8},"end":{"line":188,"column":30}},"24":{"start":{"line":192,"column":8},"end":{"line":192,"column":22}},"25":{"start":{"line":196,"column":8},"end":{"line":196,"column":36}},"26":{"start":{"line":200,"column":8},"end":{"line":200,"column":54}}},"branchMap":{"1":{"line":47,"type":"if","locations":[{"start":{"line":47,"column":8},"end":{"line":47,"column":8}},{"start":{"line":47,"column":8},"end":{"line":47,"column":8}}]},"2":{"line":64,"type":"if","locations":[{"start":{"line":64,"column":8},"end":{"line":64,"column":8}},{"start":{"line":64,"column":8},"end":{"line":64,"column":8}}]},"3":{"line":70,"type":"if","locations":[{"start":{"line":70,"column":8},"end":{"line":70,"column":8}},{"start":{"line":70,"column":8},"end":{"line":70,"column":8}}]},"4":{"line":77,"type":"if","locations":[{"start":{"line":77,"column":40},"end":{"line":77,"column":40}},{"start":{"line":77,"column":40},"end":{"line":77,"column":40}}]},"5":{"line":83,"type":"if","locations":[{"start":{"line":83,"column":8},"end":{"line":83,"column":8}},{"start":{"line":83,"column":8},"end":{"line":83,"column":8}}]},"6":{"line":87,"type":"if","locations":[{"start":{"line":87,"column":8},"end":{"line":87,"column":8}},{"start":{"line":87,"column":8},"end":{"line":87,"column":8}}]},"7":{"line":88,"type":"if","locations":[{"start":{"line":88,"column":8},"end":{"line":88,"column":8}},{"start":{"line":88,"column":8},"end":{"line":88,"column":8}}]},"8":{"line":89,"type":"if","locations":[{"start":{"line":89,"column":8},"end":{"line":89,"column":8}},{"start":{"line":89,"column":8},"end":{"line":89,"column":8}}]},"9":{"line":95,"type":"if","locations":[{"start":{"line":95,"column":8},"end":{"line":95,"column":8}},{"start":{"line":95,"column":8},"end":{"line":95,"column":8}}]},"10":{"line":148,"type":"if","locations":[{"start":{"line":148,"column":33},"end":{"line":148,"column":33}},{"start":{"line":148,"column":33},"end":{"line":148,"column":33}}]},"11":{"line":161,"type":"if","locations":[{"start":{"line":161,"column":35},"end":{"line":161,"column":35}},{"start":{"line":161,"column":35},"end":{"line":161,"column":35}}]},"12":{"line":195,"type":"if","locations":[{"start":{"line":195,"column":51},"end":{"line":195,"column":51}},{"start":{"line":195,"column":51},"end":{"line":195,"column":51}}]}}},"contracts/ERC20Token.sol":{"l":{"11":0},"path":"/mnt/c/Users/samik/Documents/GitHub/CZ4153_DutchAuction/contracts/ERC20Token.sol","s":{"1":0},"b":{},"f":{"1":0},"fnMap":{"1":{"name":"constructor","line":8,"loc":{"start":{"line":8,"column":4},"end":{"line":12,"column":4}}}},"statementMap":{"1":{"start":{"line":11,"column":8},"end":{"line":11,"column":52}}},"branchMap":{}}}