TN:
SF:/mnt/c/Users/samik/Documents/GitHub/CZ4153_DutchAuction/contracts/Dutch_Auction.sol
FN:36,constructor
FN:55,onlyOwner
FN:61,notOwner
FN:70,addBidder
FN:106,updateCurrentPrice
FN:118,updateAllBiders
FN:135,endAuction
FN:139,burnRemainingTokens
FN:145,retrievePrice
FN:149,retrieveAlgosRemaining
FN:153,retrieveTotalAlgos
FN:157,retrieveReservePrice
FN:161,retrieveTotalBidder
FN:165,retrieveContractOwner
FN:169,retrieveContractBalance
FN:173,retrieveBidderAlgos
FNF:16
FNH:13
FNDA:3,constructor
FNDA:4,onlyOwner
FNDA:17,notOwner
FNDA:17,addBidder
FNDA:31,updateCurrentPrice
FNDA:14,updateAllBiders
FNDA:0,endAuction
FNDA:0,burnRemainingTokens
FNDA:2,retrievePrice
FNDA:4,retrieveAlgosRemaining
FNDA:1,retrieveTotalAlgos
FNDA:1,retrieveReservePrice
FNDA:0,retrieveTotalBidder
FNDA:1,retrieveContractOwner
FNDA:4,retrieveContractBalance
FNDA:6,retrieveBidderAlgos
DA:41,3
DA:45,3
DA:46,3
DA:47,3
DA:48,3
DA:49,3
DA:50,3
DA:51,3
DA:57,4
DA:58,4
DA:63,17
DA:64,17
DA:72,17
DA:75,17
DA:76,17
DA:77,16
DA:83,14
DA:84,11
DA:86,11
DA:87,11
DA:88,11
DA:89,11
DA:90,11
DA:91,11
DA:93,3
DA:94,3
DA:95,3
DA:99,14
DA:101,14
DA:111,31
DA:120,14
DA:121,14
DA:122,14
DA:123,25
DA:126,25
DA:146,2
DA:150,4
DA:154,1
DA:158,1
DA:162,0
DA:166,1
DA:170,4
DA:174,6
LF:43
LH:42
BRDA:41,1,0,3
BRDA:41,1,1,0
BRDA:57,2,0,0
BRDA:57,2,1,4
BRDA:63,3,0,0
BRDA:63,3,1,17
BRDA:70,4,0,17
BRDA:70,4,1,0
BRDA:76,5,0,16
BRDA:76,5,1,1
BRDA:77,6,0,14
BRDA:77,6,1,2
BRDA:83,7,0,11
BRDA:83,7,1,3
BRDA:135,8,0,0
BRDA:135,8,1,0
BRDA:139,9,0,0
BRDA:139,9,1,0
BRDA:169,10,0,4
BRDA:169,10,1,0
BRF:20
BRH:11
end_of_record
TN:
SF:/mnt/c/Users/samik/Documents/GitHub/CZ4153_DutchAuction/contracts/ERC20Token.sol
FN:7,constructor
FNF:1
FNH:0
FNDA:0,constructor
DA:8,0
LF:1
LH:0
BRF:0
BRH:0
end_of_record
