TN:
SF:/mnt/c/Users/samik/Documents/GitHub/CZ4153_DutchAuction/contracts/Dutch_Auction.sol
FN:36,constructor
FN:55,onlyOwner
FN:61,notOwner
FN:70,addBidder
FN:111,updateCurrentPrice
FN:123,updateAllBiders
FN:140,endAuction
FN:144,burnRemainingTokens
FN:150,retrievePrice
FN:154,retrieveAlgosRemaining
FN:158,retrieveTotalAlgos
FN:162,retrieveReservePrice
FN:166,retrieveTotalBidder
FN:170,retrieveContractOwner
FN:174,retrieveContractBalance
FN:178,retrieveBidderAlgos
FNF:16
FNH:14
FNDA:3,constructor
FNDA:4,onlyOwner
FNDA:26,notOwner
FNDA:25,addBidder
FNDA:45,updateCurrentPrice
FNDA:20,updateAllBiders
FNDA:0,endAuction
FNDA:0,burnRemainingTokens
FNDA:3,retrievePrice
FNDA:4,retrieveAlgosRemaining
FNDA:1,retrieveTotalAlgos
FNDA:1,retrieveReservePrice
FNDA:2,retrieveTotalBidder
FNDA:1,retrieveContractOwner
FNDA:4,retrieveContractBalance
FNDA:6,retrieveBidderAlgos
DA:41,3
DA:45,3
DA:46,3
DA:47,3
DA:48,3
DA:49,3
DA:50,3
DA:51,3
DA:57,4
DA:58,4
DA:63,26
DA:64,25
DA:72,25
DA:75,25
DA:76,25
DA:80,24
DA:81,23
DA:82,22
DA:88,20
DA:89,15
DA:91,15
DA:92,15
DA:93,15
DA:94,15
DA:95,15
DA:96,15
DA:98,5
DA:99,5
DA:100,5
DA:104,20
DA:106,20
DA:116,45
DA:125,20
DA:126,20
DA:127,20
DA:128,35
DA:131,35
DA:151,3
DA:155,4
DA:159,1
DA:163,1
DA:167,2
DA:171,1
DA:175,4
DA:179,6
LF:45
LH:45
BRDA:41,1,0,3
BRDA:41,1,1,0
BRDA:57,2,0,0
BRDA:57,2,1,4
BRDA:63,3,0,1
BRDA:63,3,1,25
BRDA:70,4,0,25
BRDA:70,4,1,1
BRDA:76,5,0,24
BRDA:76,5,1,1
BRDA:80,6,0,23
BRDA:80,6,1,1
BRDA:81,7,0,22
BRDA:81,7,1,1
BRDA:82,8,0,20
BRDA:82,8,1,2
BRDA:88,9,0,15
BRDA:88,9,1,5
BRDA:140,10,0,0
BRDA:140,10,1,0
BRDA:144,11,0,0
BRDA:144,11,1,0
BRDA:174,12,0,4
BRDA:174,12,1,0
BRF:24
BRH:17
end_of_record
TN:
SF:/mnt/c/Users/samik/Documents/GitHub/CZ4153_DutchAuction/contracts/ERC20Token.sol
FN:7,constructor
FNF:1
FNH:0
FNDA:0,constructor
DA:8,0
LF:1
LH:0
BRF:0
BRH:0
end_of_record
